{
 "cells": [
  {
   "cell_type": "markdown",
   "id": "a44b85f7-76a4-43c3-8356-6250fad63d77",
   "metadata": {},
   "source": [
    "## BTree\n",
    "Is a tree like data structure often used by database index. BTree improves upon data locality characteristics of data structure like BST and is more suited to be stored on disk (in a typical implementation, the size of each node is matched with disk block size). A BTree of order $m$ has the following properties:\n",
    "- each node has at most $m$ children\n",
    "- each internal node has at least $\\frac{m}{2}$ children\n",
    "- each non-leaf node with $k$ children has $k-1$ elements\n",
    "- the root node has at least 2 children, unless it is the sole node\n",
    "- all leaves are at the same level, making it *balanced*\n",
    "- within each node, elements are ordered\n",
    "- any child to the left of a node element must contain elements less than it. Children to the right must have elements greater than it.\n",
    "\n",
    "A sample BTree as elements get added to it:  \n",
    "![BTree Basics](./images/btree_basics.png)\n",
    "\n",
    "### Operations\n",
    "**Searching:**\n",
    "The arrangement of elements in this manner makes searching quite easy:\n",
    "- check node if it contains the element we are looking for\n",
    "- if the element is not in the node, then find the potential child node where it could be\n",
    "- find the element in that child and repeat\n",
    "\n",
    "**Inserting:**\n",
    "Elements in a BTree are inserted in lead nodes. For any new element, find the correct leaf node and add element in ascending order. If the leaf node is full:  \n",
    "- the node needs to be split in two. Pick the median element and move that to the parent node. Rest of the elements are moved into two separate nodes  \n",
    "  ![BTree Insert 1](./images/btree_add_1.png)\n",
    "- What if the parent node is full? In that case the parent node gets split:  \n",
    "  ![BTree Insert 2](./images/btree_add_2.png)\n",
    "\n",
    "### Application\n",
    "In a database, each element of a node is a key/value pair:  \n",
    "![BTree Key Value Pair](./images/btree_kv.png)\n",
    "\n",
    "Database like MySQL use a fancier version of BTree called B+Tree which:\n",
    "- stores only keys (and child pointers) in non-leaf node\n",
    "- stores keys and values in the leaf node\n",
    "- nodes in each level are connected forming a linked list\n",
    "\n",
    "![B+Tree](./images/bplustree.png)\n",
    "\n",
    "MySQL stoes data using a **clustered index** and stores table rows directly in B+Trees. A new B+Tree is created for every table and all rows are stored in it. The primary key forms the key and the rest of the columns form the value. When an index is created for some other column, another B+Tree is created. In this B+Tree, the key is the newly indexed column and value is the primary key. For search queries involving new index column, first the B+Tree associated with index is searched to get list of matching primary keys and then the table B+Tree is searched.\n",
    "\n",
    "Postgres on the other hand stores data as **heap files** and doesn't store data itself in a B+Tree. Data is stored as unordered collections of rows stored on disk pages — basically, a flat file with no inherent order. It builds a B+Tree that maps keys to location of rows in the heap.\n",
    "\n",
    "[More details](https://planetscale.com/blog/btrees-and-database-indexes)"
   ]
  },
  {
   "cell_type": "code",
   "execution_count": 1,
   "id": "1c5a7a0e-2628-47c3-9f28-0173583327ba",
   "metadata": {
    "jupyter": {
     "source_hidden": true
    }
   },
   "outputs": [],
   "source": [
    "# %%\n",
    "%load_ext sql\n",
    "\n",
    "# %%\n",
    "%sql postgresql://postgres:postgres@localhost:5432/demo"
   ]
  },
  {
   "cell_type": "code",
   "execution_count": 2,
   "id": "fa7a31b4-71ec-478b-ad2c-5b20f408d383",
   "metadata": {
    "jupyter": {
     "source_hidden": true
    }
   },
   "outputs": [],
   "source": [
    "%config SqlMagic.style = '_DEPRECATED_DEFAULT'"
   ]
  },
  {
   "cell_type": "markdown",
   "id": "2e70e386-da07-428b-a51c-118edbc56db1",
   "metadata": {},
   "source": [
    "## Database Index\n",
    "Database index is the primary mechanism used to speed-up a variety of operations like filtering results, joining tables or sorting results. This index is most commonly a B+Tree and this data structure needs to be in sync with the table. Whenever rows are added, updated or removed, the corresponding index has to be touched as well. This means:\n",
    "- more indexes mean slower writes\n",
    "- more indexes consume more space\n",
    "\n",
    "Further, presence of index is not guaranteed to result in improvement in query performance. Next sections expand upon the various scenarios.\n",
    "\n",
    "### WHERE Clause\n",
    "As seen in previous section, primary keys are already indexed. Therefore queries using primary key are very fast as the `EXPLAIN` query reveals (more information on how to read `EXPLAIN` [here](https://medium.easyread.co/today-i-learned-understanding-postgres-explain-query-5670dd042c99) and [here](https://supabase.com/docs/guides/troubleshooting/understanding-postgresql-explain-output-Un9dqX)):"
   ]
  },
  {
   "cell_type": "code",
   "execution_count": 3,
   "id": "fde65f1c-ad6c-441a-8c4b-baa0185d856d",
   "metadata": {},
   "outputs": [
    {
     "name": "stdout",
     "output_type": "stream",
     "text": [
      " * postgresql://postgres:***@localhost:5432/dvdrental\n",
      "2 rows affected.\n"
     ]
    },
    {
     "data": {
      "text/html": [
       "<table>\n",
       "    <thead>\n",
       "        <tr>\n",
       "            <th>QUERY PLAN</th>\n",
       "        </tr>\n",
       "    </thead>\n",
       "    <tbody>\n",
       "        <tr>\n",
       "            <td>Index Scan using users_pkey on users  (cost=0.42..8.44 rows=1 width=76)</td>\n",
       "        </tr>\n",
       "        <tr>\n",
       "            <td>&nbsp;&nbsp;Index Cond: (id = 999)</td>\n",
       "        </tr>\n",
       "    </tbody>\n",
       "</table>"
      ],
      "text/plain": [
       "[('Index Scan using users_pkey on users  (cost=0.42..8.44 rows=1 width=76)',),\n",
       " ('  Index Cond: (id = 999)',)]"
      ]
     },
     "execution_count": 3,
     "metadata": {},
     "output_type": "execute_result"
    }
   ],
   "source": [
    "%%sql\n",
    "\n",
    "EXPLAIN SELECT * FROM users WHERE id = 999;"
   ]
  },
  {
   "cell_type": "markdown",
   "id": "5fc04457-0aa5-48f1-9e90-687fbf75ddc6",
   "metadata": {},
   "source": [
    "If the query is done using a column which has not been indexed:"
   ]
  },
  {
   "cell_type": "code",
   "execution_count": 4,
   "id": "654e57c8-ad3d-4da6-95a4-d47bfea60d08",
   "metadata": {},
   "outputs": [
    {
     "name": "stdout",
     "output_type": "stream",
     "text": [
      " * postgresql://postgres:***@localhost:5432/dvdrental\n",
      "4 rows affected.\n"
     ]
    },
    {
     "data": {
      "text/html": [
       "<table>\n",
       "    <thead>\n",
       "        <tr>\n",
       "            <th>QUERY PLAN</th>\n",
       "        </tr>\n",
       "    </thead>\n",
       "    <tbody>\n",
       "        <tr>\n",
       "            <td>Gather  (cost=1000.00..20045.07 rows=2083 width=76)</td>\n",
       "        </tr>\n",
       "        <tr>\n",
       "            <td>&nbsp;&nbsp;Workers Planned: 2</td>\n",
       "        </tr>\n",
       "        <tr>\n",
       "            <td>&nbsp;&nbsp;-&gt;  Parallel Seq Scan on users  (cost=0.00..18836.77 rows=868 width=76)</td>\n",
       "        </tr>\n",
       "        <tr>\n",
       "            <td>&nbsp;&nbsp;&nbsp;&nbsp;&nbsp;&nbsp;&nbsp;&nbsp;Filter: (last_name = &#x27;Herman&#x27;::text)</td>\n",
       "        </tr>\n",
       "    </tbody>\n",
       "</table>"
      ],
      "text/plain": [
       "[('Gather  (cost=1000.00..20045.07 rows=2083 width=76)',),\n",
       " ('  Workers Planned: 2',),\n",
       " ('  ->  Parallel Seq Scan on users  (cost=0.00..18836.77 rows=868 width=76)',),\n",
       " (\"        Filter: (last_name = 'Herman'::text)\",)]"
      ]
     },
     "execution_count": 4,
     "metadata": {},
     "output_type": "execute_result"
    }
   ],
   "source": [
    "%%sql\n",
    "\n",
    "EXPLAIN SELECT * FROM users WHERE last_name = 'Herman';"
   ]
  },
  {
   "cell_type": "markdown",
   "id": "e7356be0-8450-4408-9ca6-fbf486897c3c",
   "metadata": {},
   "source": [
    "It shows that the entire table is scanned (*Full Table Scan*) using two worker threads. The search using primary key is fast also because it is guaranteed to match only one or none (unique constraint, need not iterate over leaf nodes after first hit). Which means the B+Tree leaf nodes need not be traversed over.\n",
    "\n",
    "![Query using PK](./images/q1.png)\n",
    "\n",
    "**Multi Column Index:** also known as *composite*, *combined* or *concatenated* index which is useful when the `WHERE` clause contains multiple columns."
   ]
  },
  {
   "cell_type": "code",
   "execution_count": null,
   "id": "877db27f-7738-4543-90c2-b9cf016ded0a",
   "metadata": {},
   "outputs": [],
   "source": [
    "%% sql\n",
    "\n",
    "CREATE INDEX last_name_birthday_idx ON users(last_name, birthday);"
   ]
  },
  {
   "cell_type": "code",
   "execution_count": 5,
   "id": "1750c6c5-094c-411a-9165-a2204b0c38ab",
   "metadata": {},
   "outputs": [
    {
     "name": "stdout",
     "output_type": "stream",
     "text": [
      " * postgresql://postgres:***@localhost:5432/dvdrental\n",
      "4 rows affected.\n"
     ]
    },
    {
     "data": {
      "text/html": [
       "<table>\n",
       "    <thead>\n",
       "        <tr>\n",
       "            <th>QUERY PLAN</th>\n",
       "        </tr>\n",
       "    </thead>\n",
       "    <tbody>\n",
       "        <tr>\n",
       "            <td>Bitmap Heap Scan on users  (cost=48.57..5633.76 rows=2083 width=76)</td>\n",
       "        </tr>\n",
       "        <tr>\n",
       "            <td>&nbsp;&nbsp;Recheck Cond: (last_name = &#x27;Blanda&#x27;::text)</td>\n",
       "        </tr>\n",
       "        <tr>\n",
       "            <td>&nbsp;&nbsp;-&gt;  Bitmap Index Scan on last_name_birthday_idx  (cost=0.00..48.05 rows=2083 width=0)</td>\n",
       "        </tr>\n",
       "        <tr>\n",
       "            <td>&nbsp;&nbsp;&nbsp;&nbsp;&nbsp;&nbsp;&nbsp;&nbsp;Index Cond: (last_name = &#x27;Blanda&#x27;::text)</td>\n",
       "        </tr>\n",
       "    </tbody>\n",
       "</table>"
      ],
      "text/plain": [
       "[('Bitmap Heap Scan on users  (cost=48.57..5633.76 rows=2083 width=76)',),\n",
       " (\"  Recheck Cond: (last_name = 'Blanda'::text)\",),\n",
       " ('  ->  Bitmap Index Scan on last_name_birthday_idx  (cost=0.00..48.05 rows=2083 width=0)',),\n",
       " (\"        Index Cond: (last_name = 'Blanda'::text)\",)]"
      ]
     },
     "execution_count": 5,
     "metadata": {},
     "output_type": "execute_result"
    }
   ],
   "source": [
    "%%sql\n",
    "\n",
    "EXPLAIN SELECT * FROM users WHERE last_name = 'Blanda';"
   ]
  },
  {
   "cell_type": "markdown",
   "id": "08a52961-9639-43cb-8c21-1ddb92ecc840",
   "metadata": {},
   "source": [
    "The query plan suggests that the newly created BTree index is used ([index scan vs bitmap scan](https://www.postgresql.org/message-id/12553.1135634231@sss.pgh.pa.us)). However, if the query is done using birthday:"
   ]
  },
  {
   "cell_type": "code",
   "execution_count": 6,
   "id": "827b4e67-eb30-47b8-9cd4-937f91dd5421",
   "metadata": {},
   "outputs": [
    {
     "name": "stdout",
     "output_type": "stream",
     "text": [
      " * postgresql://postgres:***@localhost:5432/dvdrental\n",
      "4 rows affected.\n"
     ]
    },
    {
     "data": {
      "text/html": [
       "<table>\n",
       "    <thead>\n",
       "        <tr>\n",
       "            <th>QUERY PLAN</th>\n",
       "        </tr>\n",
       "    </thead>\n",
       "    <tbody>\n",
       "        <tr>\n",
       "            <td>Gather  (cost=1000.00..19845.77 rows=90 width=76)</td>\n",
       "        </tr>\n",
       "        <tr>\n",
       "            <td>&nbsp;&nbsp;Workers Planned: 2</td>\n",
       "        </tr>\n",
       "        <tr>\n",
       "            <td>&nbsp;&nbsp;-&gt;  Parallel Seq Scan on users  (cost=0.00..18836.77 rows=38 width=76)</td>\n",
       "        </tr>\n",
       "        <tr>\n",
       "            <td>&nbsp;&nbsp;&nbsp;&nbsp;&nbsp;&nbsp;&nbsp;&nbsp;Filter: (birthday = &#x27;1978-05-26&#x27;::date)</td>\n",
       "        </tr>\n",
       "    </tbody>\n",
       "</table>"
      ],
      "text/plain": [
       "[('Gather  (cost=1000.00..19845.77 rows=90 width=76)',),\n",
       " ('  Workers Planned: 2',),\n",
       " ('  ->  Parallel Seq Scan on users  (cost=0.00..18836.77 rows=38 width=76)',),\n",
       " (\"        Filter: (birthday = '1978-05-26'::date)\",)]"
      ]
     },
     "execution_count": 6,
     "metadata": {},
     "output_type": "execute_result"
    }
   ],
   "source": [
    "%%sql\n",
    "\n",
    "EXPLAIN SELECT * FROM users WHERE birthday ='1978-05-26';"
   ]
  },
  {
   "cell_type": "markdown",
   "id": "b8aacf62-f581-44f1-89d0-9ffc24e5dc9e",
   "metadata": {},
   "source": [
    "This query plan suggests that full table scan will be done. The structure of the index makes it clear why it is the case:\n",
    "\n",
    "![Query on composite index](./images/q2.png)\n",
    "\n",
    "This means that order of columns in the index matters. Also, as can be observed from the discussion above, not all index columns need to be specified in the query to take advantage of the index. Index will also be used when additional columns are specified:"
   ]
  },
  {
   "cell_type": "code",
   "execution_count": 7,
   "id": "a54464de-8d15-4a31-a180-2cd3e7d565df",
   "metadata": {},
   "outputs": [
    {
     "name": "stdout",
     "output_type": "stream",
     "text": [
      " * postgresql://postgres:***@localhost:5432/dvdrental\n",
      "3 rows affected.\n"
     ]
    },
    {
     "data": {
      "text/html": [
       "<table>\n",
       "    <thead>\n",
       "        <tr>\n",
       "            <th>QUERY PLAN</th>\n",
       "        </tr>\n",
       "    </thead>\n",
       "    <tbody>\n",
       "        <tr>\n",
       "            <td>Index Scan using last_name_birthday_idx on users  (cost=0.42..8.45 rows=1 width=76)</td>\n",
       "        </tr>\n",
       "        <tr>\n",
       "            <td>&nbsp;&nbsp;Index Cond: ((last_name = &#x27;Blanda&#x27;::text) AND (birthday = &#x27;1978-05-26&#x27;::date))</td>\n",
       "        </tr>\n",
       "        <tr>\n",
       "            <td>&nbsp;&nbsp;Filter: (NOT is_pro)</td>\n",
       "        </tr>\n",
       "    </tbody>\n",
       "</table>"
      ],
      "text/plain": [
       "[('Index Scan using last_name_birthday_idx on users  (cost=0.42..8.45 rows=1 width=76)',),\n",
       " (\"  Index Cond: ((last_name = 'Blanda'::text) AND (birthday = '1978-05-26'::date))\",),\n",
       " ('  Filter: (NOT is_pro)',)]"
      ]
     },
     "execution_count": 7,
     "metadata": {},
     "output_type": "execute_result"
    }
   ],
   "source": [
    "%%sql\n",
    "\n",
    "EXPLAIN SELECT * FROM users WHERE birthday ='1978-05-26' \n",
    "AND last_name = 'Blanda' \n",
    "AND is_pro = FALSE;"
   ]
  },
  {
   "cell_type": "markdown",
   "id": "7fb7813d-a19f-4c0e-8674-261f92b3bb30",
   "metadata": {},
   "source": [
    "In general, a database can use multi-column index when searching with the leftmost successive columns.\n",
    "\n",
    "**Slow Index:** in certain situations using index to search for results can be slower than doing full table scan. Specially when the query results in less selective data. Consider the example:"
   ]
  },
  {
   "cell_type": "code",
   "execution_count": null,
   "id": "86ff01ec-fbba-4234-9b4e-36a24792c5cd",
   "metadata": {},
   "outputs": [],
   "source": [
    "%%sql\n",
    "\n",
    "SELECT * FROM employees\n",
    "WHERE company_id = 20   -- # Index on company_id exists\n",
    "AND last_name = 'Smith';"
   ]
  },
  {
   "cell_type": "markdown",
   "id": "7592aef9-dbcf-44fd-9cf0-2701445ca33a",
   "metadata": {},
   "source": [
    "In this case, database:\n",
    "- uses company_id index to get the list of company_id that matches criteria\n",
    "- then it fetches the full rows corresponding to ids obtained in step 1\n",
    "- it checks the fetched rows for matching last_name\n",
    "\n",
    "The second step in the above process can be expensive. Therefore it can be faster just to scan the full table instead. Postgres as an example considers the following while determining whether to use full table scan or use index:\n",
    "- **Selectivity (How many rows match?):** if the query matches only a few rows, the index is very useful. If a large percentage of the table matches (say 30–40% or more), a sequential scan may be faster.\n",
    "- **Table size:** for very small tables, Postgres often ignores indexes and does a sequential scan — it’s cheaper than managing index lookups.\n",
    "- **Statistics & Cost estimates:** PostgreSQL keeps statistics (via `ANALYZE`). If the stats say \"company_id=20 has lots of rows\", the planner may choose sequential scan. If the stats say \"company_id=20 has very few rows\", it prefers an index scan.\n",
    "- **Query context:** If we use `SELECT *`, Postgres needs to fetch full rows anyway. That might reduce the advantage of the index compared to fetching just indexed columns.\n",
    "\n",
    "The selectivity criteria is further made clear by the following example:"
   ]
  },
  {
   "cell_type": "code",
   "execution_count": 8,
   "id": "c3663b35-6d56-4c4b-9733-00b50ec16689",
   "metadata": {},
   "outputs": [
    {
     "name": "stdout",
     "output_type": "stream",
     "text": [
      " * postgresql://postgres:***@localhost:5432/dvdrental\n",
      "3 rows affected.\n"
     ]
    },
    {
     "data": {
      "text/html": [
       "<table>\n",
       "    <thead>\n",
       "        <tr>\n",
       "            <th>count</th>\n",
       "        </tr>\n",
       "    </thead>\n",
       "    <tbody>\n",
       "        <tr>\n",
       "            <td>44383</td>\n",
       "        </tr>\n",
       "        <tr>\n",
       "            <td>945525</td>\n",
       "        </tr>\n",
       "        <tr>\n",
       "            <td>989908</td>\n",
       "        </tr>\n",
       "    </tbody>\n",
       "</table>"
      ],
      "text/plain": [
       "[(44383,), (945525,), (989908,)]"
      ]
     },
     "execution_count": 8,
     "metadata": {},
     "output_type": "execute_result"
    }
   ],
   "source": [
    "%%sql\n",
    "\n",
    "SELECT COUNT(*) FROM users WHERE is_pro = TRUE\n",
    "UNION\n",
    "SELECT COUNT(*) FROM users WHERE is_pro = FALSE\n",
    "UNION\n",
    "SELECT COUNT(*) FROM users;"
   ]
  },
  {
   "cell_type": "code",
   "execution_count": 9,
   "id": "416fee41-c30f-4469-9906-9d05ac44e2f7",
   "metadata": {},
   "outputs": [
    {
     "name": "stdout",
     "output_type": "stream",
     "text": [
      " * postgresql://postgres:***@localhost:5432/dvdrental\n",
      "2 rows affected.\n"
     ]
    },
    {
     "data": {
      "text/html": [
       "<table>\n",
       "    <thead>\n",
       "        <tr>\n",
       "            <th>QUERY PLAN</th>\n",
       "        </tr>\n",
       "    </thead>\n",
       "    <tbody>\n",
       "        <tr>\n",
       "            <td>Index Scan using is_pro_idx on users  (cost=0.42..8887.95 rows=45437 width=76)</td>\n",
       "        </tr>\n",
       "        <tr>\n",
       "            <td>&nbsp;&nbsp;Index Cond: (is_pro = true)</td>\n",
       "        </tr>\n",
       "    </tbody>\n",
       "</table>"
      ],
      "text/plain": [
       "[('Index Scan using is_pro_idx on users  (cost=0.42..8887.95 rows=45437 width=76)',),\n",
       " ('  Index Cond: (is_pro = true)',)]"
      ]
     },
     "execution_count": 9,
     "metadata": {},
     "output_type": "execute_result"
    }
   ],
   "source": [
    "%%sql\n",
    "-- # Index on is_pro exists\n",
    "EXPLAIN SELECT * FROM users WHERE is_pro = TRUE; -- # Uses index"
   ]
  },
  {
   "cell_type": "code",
   "execution_count": 10,
   "id": "942b2723-e733-426e-9b77-bedb523e1621",
   "metadata": {},
   "outputs": [
    {
     "name": "stdout",
     "output_type": "stream",
     "text": [
      " * postgresql://postgres:***@localhost:5432/dvdrental\n",
      "2 rows affected.\n"
     ]
    },
    {
     "data": {
      "text/html": [
       "<table>\n",
       "    <thead>\n",
       "        <tr>\n",
       "            <th>QUERY PLAN</th>\n",
       "        </tr>\n",
       "    </thead>\n",
       "    <tbody>\n",
       "        <tr>\n",
       "            <td>Seq Scan on users  (cost=0.00..23580.08 rows=944471 width=76)</td>\n",
       "        </tr>\n",
       "        <tr>\n",
       "            <td>&nbsp;&nbsp;Filter: (NOT is_pro)</td>\n",
       "        </tr>\n",
       "    </tbody>\n",
       "</table>"
      ],
      "text/plain": [
       "[('Seq Scan on users  (cost=0.00..23580.08 rows=944471 width=76)',),\n",
       " ('  Filter: (NOT is_pro)',)]"
      ]
     },
     "execution_count": 10,
     "metadata": {},
     "output_type": "execute_result"
    }
   ],
   "source": [
    "%%sql\n",
    "-- # Index on is_pro exists\n",
    "EXPLAIN SELECT * FROM users WHERE is_pro = FALSE; -- # Table scan"
   ]
  },
  {
   "cell_type": "markdown",
   "id": "5e7365af-09dc-4d99-9fa6-0a766681e480",
   "metadata": {},
   "source": [
    "**Function-Based Index:** often when string comparison is done, it uses function to first transform the text: `UPPER(last_name) = UPPER('Smith')`. When this query is run, it cannot use existing index on last_name. To support the query using functions, we can define index like:"
   ]
  },
  {
   "cell_type": "code",
   "execution_count": 11,
   "id": "c45193f5-e876-42c5-a488-7c2a2696b324",
   "metadata": {},
   "outputs": [
    {
     "name": "stdout",
     "output_type": "stream",
     "text": [
      " * postgresql://postgres:***@localhost:5432/dvdrental\n",
      "Done.\n",
      "4 rows affected.\n"
     ]
    },
    {
     "data": {
      "text/html": [
       "<table>\n",
       "    <thead>\n",
       "        <tr>\n",
       "            <th>QUERY PLAN</th>\n",
       "        </tr>\n",
       "    </thead>\n",
       "    <tbody>\n",
       "        <tr>\n",
       "            <td>Bitmap Heap Scan on users  (cost=58.79..9939.68 rows=4950 width=76)</td>\n",
       "        </tr>\n",
       "        <tr>\n",
       "            <td>&nbsp;&nbsp;Recheck Cond: (upper(last_name) = &#x27;SMITH&#x27;::text)</td>\n",
       "        </tr>\n",
       "        <tr>\n",
       "            <td>&nbsp;&nbsp;-&gt;  Bitmap Index Scan on upper_last_name_idx  (cost=0.00..57.55 rows=4950 width=0)</td>\n",
       "        </tr>\n",
       "        <tr>\n",
       "            <td>&nbsp;&nbsp;&nbsp;&nbsp;&nbsp;&nbsp;&nbsp;&nbsp;Index Cond: (upper(last_name) = &#x27;SMITH&#x27;::text)</td>\n",
       "        </tr>\n",
       "    </tbody>\n",
       "</table>"
      ],
      "text/plain": [
       "[('Bitmap Heap Scan on users  (cost=58.79..9939.68 rows=4950 width=76)',),\n",
       " (\"  Recheck Cond: (upper(last_name) = 'SMITH'::text)\",),\n",
       " ('  ->  Bitmap Index Scan on upper_last_name_idx  (cost=0.00..57.55 rows=4950 width=0)',),\n",
       " (\"        Index Cond: (upper(last_name) = 'SMITH'::text)\",)]"
      ]
     },
     "execution_count": 11,
     "metadata": {},
     "output_type": "execute_result"
    }
   ],
   "source": [
    "%%sql\n",
    "\n",
    "CREATE INDEX upper_last_name_idx ON users(UPPER(last_name));\n",
    "EXPLAIN SELECT * FROM users WHERE UPPER(last_name) = UPPER('Smith');"
   ]
  },
  {
   "cell_type": "markdown",
   "id": "e5f35e4d-0066-48fd-93c6-2f9a44af32ab",
   "metadata": {},
   "source": [
    "It is important that the function used provides predictive output. Which means same input always produces the same output all the time.\n",
    "\n",
    "If the database does not support function based index, it can be replicated using generated columns, as in case of SQL Server. \n",
    "\n",
    "**Ranged Queries:** queries using operators `>`, `<` and `BETWEEN` can also use index. It is advised that columns using range should be defined last in the order of columns used in index. The B+Tree structure shows why:\n",
    "\n",
    "![Index with Range 1st](./images/q3.png)\n",
    "![Index with Range last](./images/q4.png)"
   ]
  },
  {
   "cell_type": "markdown",
   "id": "ec2c953e-65b0-4532-9967-eb419366381e",
   "metadata": {},
   "source": [
    "**LIKE Queries:** queries containing `LIKE` statement can use index if the filter contains characters before wildcard. This means `Abs%` can use index, but `%ter` cannot.\n",
    "\n",
    "**Partial Index:** a partial index is useful for commonly used where conditions that use constant values such as in example below:"
   ]
  },
  {
   "cell_type": "code",
   "execution_count": null,
   "id": "c362b624-5801-4119-a6cf-a604b9294531",
   "metadata": {},
   "outputs": [],
   "source": [
    "%%sql\n",
    "\n",
    "SELECT * FROM users\n",
    "WHERE is_pro = FALSE\n",
    "AND last_name = \"Smith\";"
   ]
  },
  {
   "cell_type": "markdown",
   "id": "ad1f4665-2a24-47f6-b2de-ab902ec15754",
   "metadata": {},
   "source": [
    "We can define the index as:"
   ]
  },
  {
   "cell_type": "code",
   "execution_count": null,
   "id": "1e302c89-9bdf-47b5-8666-8ade1d80236b",
   "metadata": {},
   "outputs": [],
   "source": [
    "%%sql\n",
    "\n",
    "CREATE INDEX last_name_is_pro_idx ON users(last_name, is_pro);"
   ]
  },
  {
   "cell_type": "markdown",
   "id": "c0b2a151-d66b-42ed-9939-93f38cf52b1e",
   "metadata": {},
   "source": [
    "What if in most of the queries, is_pro is always false? We can update the index to only include rows where is_pro is false:"
   ]
  },
  {
   "cell_type": "code",
   "execution_count": null,
   "id": "f328bbc5-6649-4823-906f-a4bd67fcc603",
   "metadata": {},
   "outputs": [],
   "source": [
    "%%sql\n",
    "\n",
    "CREATE INDEX last_name_is_pro_idx ON users(last_name) WHERE is_pro = FALSE;"
   ]
  },
  {
   "cell_type": "markdown",
   "id": "6d63a5a7-8432-4b0b-a8b8-5efabc5ae500",
   "metadata": {},
   "source": [
    "The index only contains the rows that satisfy the `WHERE` clause. The index size is reduced and the database can use a partial index whenever the `WHERE` clause appears in a query."
   ]
  },
  {
   "cell_type": "markdown",
   "id": "43cd78ed-c48a-4483-940a-4a252c5b2d29",
   "metadata": {},
   "source": [
    "**NULL and Index:** database like PostgreSQL treats `NULL` as a sortable value and stores it in the B-tree index. `NULL` sorts after all non-null values by default. Other database like Oracle doesn't include `NULL` which means every index is a partial index defined as:"
   ]
  },
  {
   "cell_type": "code",
   "execution_count": null,
   "id": "7f2a0027-9ba3-405d-84a5-8d9e81cf2d0a",
   "metadata": {},
   "outputs": [],
   "source": [
    "%%sql\n",
    "\n",
    "CREATE INDEX birthday_notnull_idx ON users (birthday)\n",
    "WHERE birthday IS NOT NULL;"
   ]
  },
  {
   "cell_type": "markdown",
   "id": "afd1d8ff-b707-4991-b77e-f877e6b04c45",
   "metadata": {},
   "source": [
    "### JOIN Clause\n",
    "Databases can use different ways to perform `JOIN` operation which can be sped up using indexes:  \n",
    "**Nested Loop Join:** this is implemented by iterating over rows of outer and inner relations:  \n",
    "```\n",
    "for each record of outer relation:\n",
    "    for each record of inner relation:\n",
    "        if join condition matches:\n",
    "            yield resultant record\n",
    "```\n",
    "A nested loops join is particularly effective if the outer relation is small and the inner relation is preindexed and large. Thus, the choice of inner and outer table depends upon:\n",
    "- relation having lesser rows is more likely to be the outer relation\n",
    "- relation having index on join column is more likely to be the inner relation\n",
    "\n",
    "**Hash Join:** happens in two phases:\n",
    "- build phase: involves scanning the smaller relation and creating in-memory hash table based on the join key\n",
    "- probe phase: involves scanning the larger relation and hashing its join key, then doing a lookup in previously created hash table\n",
    "This works well when the tables are big and hash table can fit into the memory.\n",
    "\n",
    "Hash join can be improved if we have index on non-join columns (columns in `WHERE` clause). Database can use those indices to filter the data before the hashing starts.\n",
    "\n",
    "**Merge Join:** this is implemented by sorting both relations by the join column and then doing *merge* operation (similar to merge sort). Merge join itself is very fast, but it can be an expensive choice if sorting is required. However, if the data volume is large and the desired data can be obtained presorted from existing B-tree indices, merge join is often the fastest available join algorithm.\n",
    "\n",
    "### ORDER BY Clause\n",
    "If the `ORDER BY` clause is used on a indexed column, the database doesn't need to explicitly sort the result."
   ]
  },
  {
   "cell_type": "code",
   "execution_count": 5,
   "id": "2cbaedcf-c9c3-4d64-90c2-1aa8582b9f02",
   "metadata": {},
   "outputs": [
    {
     "name": "stdout",
     "output_type": "stream",
     "text": [
      " * postgresql://postgres:***@localhost:5432/demo\n",
      "3 rows affected.\n"
     ]
    },
    {
     "data": {
      "text/html": [
       "<table>\n",
       "    <thead>\n",
       "        <tr>\n",
       "            <th>QUERY PLAN</th>\n",
       "        </tr>\n",
       "    </thead>\n",
       "    <tbody>\n",
       "        <tr>\n",
       "            <td>Sort  (cost=79445.55..80894.76 rows=579686 width=25)</td>\n",
       "        </tr>\n",
       "        <tr>\n",
       "            <td>&nbsp;&nbsp;Sort Key: boarding_no</td>\n",
       "        </tr>\n",
       "        <tr>\n",
       "            <td>&nbsp;&nbsp;-&gt;  Seq Scan on boarding_passes  (cost=0.00..10084.86 rows=579686 width=25)</td>\n",
       "        </tr>\n",
       "    </tbody>\n",
       "</table>"
      ],
      "text/plain": [
       "[('Sort  (cost=79445.55..80894.76 rows=579686 width=25)',),\n",
       " ('  Sort Key: boarding_no',),\n",
       " ('  ->  Seq Scan on boarding_passes  (cost=0.00..10084.86 rows=579686 width=25)',)]"
      ]
     },
     "execution_count": 5,
     "metadata": {},
     "output_type": "execute_result"
    }
   ],
   "source": [
    "%%sql\n",
    "\n",
    "-- # Without index\n",
    "EXPLAIN SELECT * FROM boarding_passes ORDER BY boarding_no;"
   ]
  },
  {
   "cell_type": "code",
   "execution_count": 6,
   "id": "75cfe409-4aaf-46eb-b1db-d72cc79d34c2",
   "metadata": {},
   "outputs": [
    {
     "name": "stdout",
     "output_type": "stream",
     "text": [
      " * postgresql://postgres:***@localhost:5432/demo\n",
      "Done.\n",
      "1 rows affected.\n"
     ]
    },
    {
     "data": {
      "text/html": [
       "<table>\n",
       "    <thead>\n",
       "        <tr>\n",
       "            <th>QUERY PLAN</th>\n",
       "        </tr>\n",
       "    </thead>\n",
       "    <tbody>\n",
       "        <tr>\n",
       "            <td>Index Scan using bp_boarding_no_idx on boarding_passes  (cost=0.42..27721.73 rows=579686 width=25)</td>\n",
       "        </tr>\n",
       "    </tbody>\n",
       "</table>"
      ],
      "text/plain": [
       "[('Index Scan using bp_boarding_no_idx on boarding_passes  (cost=0.42..27721.73 rows=579686 width=25)',)]"
      ]
     },
     "execution_count": 6,
     "metadata": {},
     "output_type": "execute_result"
    }
   ],
   "source": [
    "%%sql\n",
    "\n",
    "-- # With index\n",
    "CREATE INDEX bp_boarding_no_idx ON boarding_passes (boarding_no);\n",
    "EXPLAIN SELECT * FROM boarding_passes ORDER BY boarding_no;"
   ]
  },
  {
   "attachments": {},
   "cell_type": "markdown",
   "id": "938e4e96-da01-45df-854d-b37030fd06ff",
   "metadata": {},
   "source": [
    "The same index can also be used in reverse order. When the `ORDER BY` clause includes non-indexed columns, it now has to do incremental sort. Many databses other than Postgres, like Oracle and MS SQL also provide a similar facility (though MySQL doesn't)."
   ]
  },
  {
   "cell_type": "code",
   "execution_count": 7,
   "id": "1dd161ec-8613-4fcc-b835-291a2bb97ab3",
   "metadata": {},
   "outputs": [
    {
     "name": "stdout",
     "output_type": "stream",
     "text": [
      " * postgresql://postgres:***@localhost:5432/demo\n",
      "4 rows affected.\n"
     ]
    },
    {
     "data": {
      "text/html": [
       "<table>\n",
       "    <thead>\n",
       "        <tr>\n",
       "            <th>QUERY PLAN</th>\n",
       "        </tr>\n",
       "    </thead>\n",
       "    <tbody>\n",
       "        <tr>\n",
       "            <td>Incremental Sort  (cost=170.26..66017.73 rows=579686 width=25)</td>\n",
       "        </tr>\n",
       "        <tr>\n",
       "            <td>&nbsp;&nbsp;Sort Key: boarding_no, seat_no</td>\n",
       "        </tr>\n",
       "        <tr>\n",
       "            <td>&nbsp;&nbsp;Presorted Key: boarding_no</td>\n",
       "        </tr>\n",
       "        <tr>\n",
       "            <td>&nbsp;&nbsp;-&gt;  Index Scan using bp_boarding_no_idx on boarding_passes  (cost=0.42..27721.73 rows=579686 width=25)</td>\n",
       "        </tr>\n",
       "    </tbody>\n",
       "</table>"
      ],
      "text/plain": [
       "[('Incremental Sort  (cost=170.26..66017.73 rows=579686 width=25)',),\n",
       " ('  Sort Key: boarding_no, seat_no',),\n",
       " ('  Presorted Key: boarding_no',),\n",
       " ('  ->  Index Scan using bp_boarding_no_idx on boarding_passes  (cost=0.42..27721.73 rows=579686 width=25)',)]"
      ]
     },
     "execution_count": 7,
     "metadata": {},
     "output_type": "execute_result"
    }
   ],
   "source": [
    "%%sql\n",
    "\n",
    "EXPLAIN SELECT * FROM boarding_passes ORDER BY boarding_no, seat_no;"
   ]
  },
  {
   "cell_type": "markdown",
   "id": "e5f1a119-11f7-40b0-8df8-1c992a35d92c",
   "metadata": {},
   "source": [
    "Even when both sort columns are indexed by a multi-column index, it is not necessary that no explicit sorting would be required. This happens when sort order doesn't match as defined in the index."
   ]
  },
  {
   "cell_type": "code",
   "execution_count": 8,
   "id": "7d60d1e1-7d77-42a3-92bb-401bd04a000e",
   "metadata": {},
   "outputs": [
    {
     "name": "stdout",
     "output_type": "stream",
     "text": [
      " * postgresql://postgres:***@localhost:5432/demo\n",
      "4 rows affected.\n"
     ]
    },
    {
     "data": {
      "text/html": [
       "<table>\n",
       "    <thead>\n",
       "        <tr>\n",
       "            <th>QUERY PLAN</th>\n",
       "        </tr>\n",
       "    </thead>\n",
       "    <tbody>\n",
       "        <tr>\n",
       "            <td>Incremental Sort  (cost=5.98..57060.20 rows=579686 width=25)</td>\n",
       "        </tr>\n",
       "        <tr>\n",
       "            <td>&nbsp;&nbsp;Sort Key: flight_id, boarding_no DESC</td>\n",
       "        </tr>\n",
       "        <tr>\n",
       "            <td>&nbsp;&nbsp;Presorted Key: flight_id</td>\n",
       "        </tr>\n",
       "        <tr>\n",
       "            <td>&nbsp;&nbsp;-&gt;  Index Scan using boarding_passes_flight_id_seat_no_key on boarding_passes  (cost=0.42..32187.87 rows=579686 width=25)</td>\n",
       "        </tr>\n",
       "    </tbody>\n",
       "</table>"
      ],
      "text/plain": [
       "[('Incremental Sort  (cost=5.98..57060.20 rows=579686 width=25)',),\n",
       " ('  Sort Key: flight_id, boarding_no DESC',),\n",
       " ('  Presorted Key: flight_id',),\n",
       " ('  ->  Index Scan using boarding_passes_flight_id_seat_no_key on boarding_passes  (cost=0.42..32187.87 rows=579686 width=25)',)]"
      ]
     },
     "execution_count": 8,
     "metadata": {},
     "output_type": "execute_result"
    }
   ],
   "source": [
    "%%sql\n",
    "\n",
    "EXPLAIN SELECT * FROM boarding_passes ORDER BY flight_id, boarding_no DESC;"
   ]
  },
  {
   "cell_type": "code",
   "execution_count": 9,
   "id": "809cf8a5-49b2-4d9f-97d3-0492a4ca84e6",
   "metadata": {},
   "outputs": [
    {
     "name": "stdout",
     "output_type": "stream",
     "text": [
      " * postgresql://postgres:***@localhost:5432/demo\n",
      "Done.\n",
      "1 rows affected.\n"
     ]
    },
    {
     "data": {
      "text/html": [
       "<table>\n",
       "    <thead>\n",
       "        <tr>\n",
       "            <th>QUERY PLAN</th>\n",
       "        </tr>\n",
       "    </thead>\n",
       "    <tbody>\n",
       "        <tr>\n",
       "            <td>Index Scan using bp_sort_idx on boarding_passes  (cost=0.42..32187.87 rows=579686 width=25)</td>\n",
       "        </tr>\n",
       "    </tbody>\n",
       "</table>"
      ],
      "text/plain": [
       "[('Index Scan using bp_sort_idx on boarding_passes  (cost=0.42..32187.87 rows=579686 width=25)',)]"
      ]
     },
     "execution_count": 9,
     "metadata": {},
     "output_type": "execute_result"
    }
   ],
   "source": [
    "%%sql\n",
    "\n",
    "CREATE INDEX bp_sort_idx ON boarding_passes(flight_id, boarding_no DESC);\n",
    "EXPLAIN SELECT * FROM boarding_passes ORDER BY flight_id, boarding_no DESC;"
   ]
  },
  {
   "cell_type": "markdown",
   "id": "3680aeca-6b4b-4080-87ef-01f265ea80a7",
   "metadata": {},
   "source": [
    "Since Postgres puts nulls at the end, sorting by nulls first means the database has to explicitly sort the result:"
   ]
  },
  {
   "cell_type": "code",
   "execution_count": 10,
   "id": "f777d35c-e1d7-4372-8928-eaa3d5b16aa4",
   "metadata": {},
   "outputs": [
    {
     "name": "stdout",
     "output_type": "stream",
     "text": [
      " * postgresql://postgres:***@localhost:5432/demo\n",
      "3 rows affected.\n"
     ]
    },
    {
     "data": {
      "text/html": [
       "<table>\n",
       "    <thead>\n",
       "        <tr>\n",
       "            <th>QUERY PLAN</th>\n",
       "        </tr>\n",
       "    </thead>\n",
       "    <tbody>\n",
       "        <tr>\n",
       "            <td>Sort  (cost=79445.55..80894.76 rows=579686 width=25)</td>\n",
       "        </tr>\n",
       "        <tr>\n",
       "            <td>&nbsp;&nbsp;Sort Key: flight_id NULLS FIRST</td>\n",
       "        </tr>\n",
       "        <tr>\n",
       "            <td>&nbsp;&nbsp;-&gt;  Seq Scan on boarding_passes  (cost=0.00..10084.86 rows=579686 width=25)</td>\n",
       "        </tr>\n",
       "    </tbody>\n",
       "</table>"
      ],
      "text/plain": [
       "[('Sort  (cost=79445.55..80894.76 rows=579686 width=25)',),\n",
       " ('  Sort Key: flight_id NULLS FIRST',),\n",
       " ('  ->  Seq Scan on boarding_passes  (cost=0.00..10084.86 rows=579686 width=25)',)]"
      ]
     },
     "execution_count": 10,
     "metadata": {},
     "output_type": "execute_result"
    }
   ],
   "source": [
    "%%sql\n",
    "\n",
    "EXPLAIN SELECT * FROM boarding_passes ORDER BY flight_id NULLS FIRST; -- # No explicit sorting if we sort descending order"
   ]
  },
  {
   "cell_type": "code",
   "execution_count": null,
   "id": "74c077ae-2ebd-4dc1-9f7a-ff4868e272d2",
   "metadata": {},
   "outputs": [],
   "source": []
  }
 ],
 "metadata": {
  "kernelspec": {
   "display_name": "Python 3 (ipykernel)",
   "language": "python",
   "name": "python3"
  },
  "language_info": {
   "codemirror_mode": {
    "name": "ipython",
    "version": 3
   },
   "file_extension": ".py",
   "mimetype": "text/x-python",
   "name": "python",
   "nbconvert_exporter": "python",
   "pygments_lexer": "ipython3",
   "version": "3.14.2"
  }
 },
 "nbformat": 4,
 "nbformat_minor": 5
}
